0 info it worked if it ends with ok
1 verbose cli [ 'node',
1 verbose cli   '/usr/local/bin/npm',
1 verbose cli   'install',
1 verbose cli   '-g',
1 verbose cli   'node-pdflatex-ng' ]
2 info using npm@2.14.9
3 info using node@v0.12.9
4 verbose node symlink /usr/local/bin/node
5 verbose install initial load of /usr/local/lib/package.json
6 verbose readDependencies loading dependencies from /usr/local/lib/package.json
7 silly cache add args [ 'node-pdflatex-ng', null ]
8 verbose cache add spec node-pdflatex-ng
9 silly cache add parsed spec { raw: 'node-pdflatex-ng',
9 silly cache add   scope: null,
9 silly cache add   name: 'node-pdflatex-ng',
9 silly cache add   rawSpec: '',
9 silly cache add   spec: '*',
9 silly cache add   type: 'range' }
10 silly addNamed node-pdflatex-ng@*
11 verbose addNamed "*" is a valid semver range for node-pdflatex-ng
12 silly addNameRange { name: 'node-pdflatex-ng', range: '*', hasData: false }
13 silly mapToRegistry name node-pdflatex-ng
14 silly mapToRegistry using default registry
15 silly mapToRegistry registry https://registry.npmjs.org/
16 silly mapToRegistry uri https://registry.npmjs.org/node-pdflatex-ng
17 verbose addNameRange registry:https://registry.npmjs.org/node-pdflatex-ng not in flight; fetching
18 verbose request uri https://registry.npmjs.org/node-pdflatex-ng
19 verbose request no auth needed
20 info attempt registry request try #1 at 18:03:24
21 verbose request id 0a6216fbd2a491b0
22 http request GET https://registry.npmjs.org/node-pdflatex-ng
23 http 404 https://registry.npmjs.org/node-pdflatex-ng
24 verbose headers { 'content-type': 'application/json',
24 verbose headers   'cache-control': 'max-age=0',
24 verbose headers   'content-length': '2',
24 verbose headers   'accept-ranges': 'bytes',
24 verbose headers   date: 'Sun, 03 Apr 2016 22:03:21 GMT',
24 verbose headers   via: '1.1 varnish',
24 verbose headers   age: '0',
24 verbose headers   connection: 'keep-alive',
24 verbose headers   'x-served-by': 'cache-atl6238-ATL',
24 verbose headers   'x-cache': 'MISS',
24 verbose headers   'x-cache-hits': '0',
24 verbose headers   'x-timer': 'S1459721001.529138,VS0,VE36' }
25 silly get cb [ 404,
25 silly get   { 'content-type': 'application/json',
25 silly get     'cache-control': 'max-age=0',
25 silly get     'content-length': '2',
25 silly get     'accept-ranges': 'bytes',
25 silly get     date: 'Sun, 03 Apr 2016 22:03:21 GMT',
25 silly get     via: '1.1 varnish',
25 silly get     age: '0',
25 silly get     connection: 'keep-alive',
25 silly get     'x-served-by': 'cache-atl6238-ATL',
25 silly get     'x-cache': 'MISS',
25 silly get     'x-cache-hits': '0',
25 silly get     'x-timer': 'S1459721001.529138,VS0,VE36' } ]
26 verbose stack Error: Registry returned 404 for GET on https://registry.npmjs.org/node-pdflatex-ng
26 verbose stack     at makeError (/usr/local/lib/node_modules/npm/node_modules/npm-registry-client/lib/request.js:264:12)
26 verbose stack     at CachingRegistryClient.<anonymous> (/usr/local/lib/node_modules/npm/node_modules/npm-registry-client/lib/request.js:242:14)
26 verbose stack     at Request._callback (/usr/local/lib/node_modules/npm/node_modules/npm-registry-client/lib/request.js:172:14)
26 verbose stack     at Request.self.callback (/usr/local/lib/node_modules/npm/node_modules/request/request.js:198:22)
26 verbose stack     at Request.emit (events.js:110:17)
26 verbose stack     at Request.<anonymous> (/usr/local/lib/node_modules/npm/node_modules/request/request.js:1082:10)
26 verbose stack     at Request.emit (events.js:129:20)
26 verbose stack     at IncomingMessage.<anonymous> (/usr/local/lib/node_modules/npm/node_modules/request/request.js:1009:12)
26 verbose stack     at IncomingMessage.emit (events.js:129:20)
26 verbose stack     at _stream_readable.js:908:16
27 verbose statusCode 404
28 verbose pkgid node-pdflatex-ng
29 verbose cwd /Users/brianfeister/dev/open-legend/core-rules/core/src
30 error Darwin 14.5.0
31 error argv "node" "/usr/local/bin/npm" "install" "-g" "node-pdflatex-ng"
32 error node v0.12.9
33 error npm  v2.14.9
34 error code E404
35 error 404 Registry returned 404 for GET on https://registry.npmjs.org/node-pdflatex-ng
35 error 404
35 error 404 'node-pdflatex-ng' is not in the npm registry.
35 error 404 You should bug the author to publish it (or use the name yourself!)
35 error 404
35 error 404 Note that you can also install from a
35 error 404 tarball, folder, http url, or git url.
36 verbose exit [ 1, true ]
